This file contains any messages produced by compilers while
running configure, to aid debugging if configure makes a mistake.

It was created by configure, which was
generated by GNU Autoconf 2.60.  Invocation command line was

  $ ./configure 

## --------- ##
## Platform. ##
## --------- ##

hostname = macpro-paul.local
uname -m = i386
uname -r = 9.1.0
uname -s = Darwin
uname -v = Darwin Kernel Version 9.1.0: Wed Oct 31 17:46:22 PDT 2007; root:xnu-1228.0.2~1/RELEASE_I386

/usr/bin/uname -p = i386
/bin/uname -X     = unknown

/bin/arch              = unknown
/usr/bin/arch -k       = unknown
/usr/convex/getsysinfo = unknown
/usr/bin/hostinfo      = Mach kernel version:
	 Darwin Kernel Version 9.1.0: Wed Oct 31 17:46:22 PDT 2007; root:xnu-1228.0.2~1/RELEASE_I386
Kernel configured for up to 4 processors.
4 processors are physically available.
4 processors are logically available.
Processor type: i486 (Intel 80486)
Processors active: 0 1 2 3
Primary memory available: 4.00 gigabytes
Default processor set: 109 tasks, 366 threads, 4 processors
Load average: 0.33, Mach factor: 3.66
/bin/machine           = unknown
/usr/bin/oslevel       = unknown
/bin/universe          = unknown

PATH: /opt/local/bin
PATH: /opt/local/sbin
PATH: /usr/bin
PATH: /bin
PATH: /usr/sbin
PATH: /sbin
PATH: /usr/local/bin
PATH: /usr/X11/bin


## ----------- ##
## Core tests. ##
## ----------- ##

configure:2261: checking for chosen layout
configure:2263: result: Apache
configure:3068: checking for working mkdir -p
configure:3084: result: yes
configure:3101: checking build system type
configure:3119: result: i386-apple-darwin9.1.0
configure:3141: checking host system type
configure:3156: result: i386-apple-darwin9.1.0
configure:3178: checking target system type
configure:3193: result: i386-apple-darwin9.1.0
configure:3265: checking for APR
configure:3347: result: yes
configure:3620: checking for APR-util
configure:3702: result: yes
configure:3948: checking for gcc
configure:3975: result: gcc
configure:4213: checking for C compiler version
configure:4220: gcc --version >&5
i686-apple-darwin9-gcc-4.0.1 (GCC) 4.0.1 (Apple Inc. build 5465)
Copyright (C) 2005 Free Software Foundation, Inc.
This is free software; see the source for copying conditions.  There is NO
warranty; not even for MERCHANTABILITY or FITNESS FOR A PARTICULAR PURPOSE.

configure:4223: $? = 0
configure:4230: gcc -v >&5
Using built-in specs.
Target: i686-apple-darwin9
Configured with: /var/tmp/gcc/gcc-5465~13/src/configure --disable-checking -enable-werror --prefix=/usr --mandir=/share/man --enable-languages=c,objc,c++,obj-c++ --program-transform-name=/^[cg][^.-]*$/s/$/-4.0/ --with-gxx-include-dir=/include/c++/4.0.0 --with-slibdir=/usr/lib --build=i686-apple-darwin9 --with-arch=apple --with-tune=generic --host=i686-apple-darwin9 --target=i686-apple-darwin9
Thread model: posix
gcc version 4.0.1 (Apple Inc. build 5465)
configure:4233: $? = 0
configure:4240: gcc -V >&5
gcc-4.0: argument to `-V' is missing
configure:4243: $? = 1
configure:4266: checking for C compiler default output file name
configure:4293: gcc    -DDARWIN -DSIGPROCMASK_SETS_THREAD_MASK -no-cpp-precomp   -L/usr/lib conftest.c  >&5
configure:4296: $? = 0
configure:4342: result: a.out
configure:4347: checking whether the C compiler works
configure:4357: ./a.out
configure:4360: $? = 0
configure:4377: result: yes
configure:4384: checking whether we are cross compiling
configure:4386: result: no
configure:4389: checking for suffix of executables
configure:4396: gcc -o conftest    -DDARWIN -DSIGPROCMASK_SETS_THREAD_MASK -no-cpp-precomp   -L/usr/lib conftest.c  >&5
configure:4399: $? = 0
configure:4423: result: 
configure:4429: checking for suffix of object files
configure:4455: gcc -c    -DDARWIN -DSIGPROCMASK_SETS_THREAD_MASK -no-cpp-precomp conftest.c >&5
configure:4458: $? = 0
configure:4481: result: o
configure:4485: checking whether we are using the GNU C compiler
configure:4514: gcc -c    -DDARWIN -DSIGPROCMASK_SETS_THREAD_MASK -no-cpp-precomp conftest.c >&5
configure:4520: $? = 0
configure:4527: test -z "$ac_c_werror_flag" || test ! -s conftest.err
configure:4530: $? = 0
configure:4537: test -s conftest.o
configure:4540: $? = 0
configure:4554: result: yes
configure:4559: checking whether gcc accepts -g
configure:4589: gcc -c -g  -DDARWIN -DSIGPROCMASK_SETS_THREAD_MASK -no-cpp-precomp conftest.c >&5
configure:4595: $? = 0
configure:4602: test -z "$ac_c_werror_flag" || test ! -s conftest.err
configure:4605: $? = 0
configure:4612: test -s conftest.o
configure:4615: $? = 0
configure:4745: result: yes
configure:4762: checking for gcc option to accept ISO C89
configure:4836: gcc  -c    -DDARWIN -DSIGPROCMASK_SETS_THREAD_MASK -no-cpp-precomp conftest.c >&5
configure:4842: $? = 0
configure:4849: test -z "$ac_c_werror_flag" || test ! -s conftest.err
configure:4852: $? = 0
configure:4859: test -s conftest.o
configure:4862: $? = 0
configure:4882: result: none needed
configure:4905: checking how to run the C preprocessor
configure:5035: result: gcc -E
configure:5064: gcc -E  -DDARWIN -DSIGPROCMASK_SETS_THREAD_MASK -no-cpp-precomp conftest.c
configure:5070: $? = 0
configure:5108: gcc -E  -DDARWIN -DSIGPROCMASK_SETS_THREAD_MASK -no-cpp-precomp conftest.c
conftest.c:8:28: error: ac_nonexistent.h: No such file or directory
configure:5114: $? = 1
configure: failed program was:
| /* confdefs.h.  */
| #define PACKAGE_NAME ""
| #define PACKAGE_TARNAME ""
| #define PACKAGE_VERSION ""
| #define PACKAGE_STRING ""
| #define PACKAGE_BUGREPORT ""
| /* end confdefs.h.  */
| #include <ac_nonexistent.h>
configure:5279: Configuring PCRE regular expression library
configure:5722: checking for rm
configure:5740: found /bin/rm
configure:5752: result: /bin/rm
configure:5762: checking for pkg-config
configure:5780: found /opt/local/bin/pkg-config
configure:5792: result: /opt/local/bin/pkg-config
configure:5802: checking for rsync
configure:5820: found /usr/bin/rsync
configure:5832: result: /usr/bin/rsync
configure:5844: checking for gawk
configure:5874: result: no
configure:5844: checking for mawk
configure:5874: result: no
configure:5844: checking for nawk
configure:5874: result: no
configure:5844: checking for awk
configure:5860: found /usr/bin/awk
configure:5871: result: awk
configure:5882: checking whether ln -s works
configure:5886: result: yes
configure:5936: checking for ranlib
configure:5952: found /usr/bin/ranlib
configure:5963: result: ranlib
configure:5993: checking for lynx
configure:6023: result: no
configure:5993: checking for links
configure:6023: result: no
configure:5993: checking for elinks
configure:6023: result: no
configure:6047: checking for grep that handles long lines and -e
configure:6121: result: /usr/bin/grep
configure:6126: checking for egrep
configure:6204: result: /usr/bin/grep -E
configure:6210: checking for AIX
configure:6232: result: no
configure:6238: checking for library containing strerror
configure:6279: gcc -o conftest    -DDARWIN -DSIGPROCMASK_SETS_THREAD_MASK -no-cpp-precomp   -L/usr/lib conftest.c  >&5
configure:6285: $? = 0
configure:6292: test -z "$ac_c_werror_flag" || test ! -s conftest.err
configure:6295: $? = 0
configure:6302: test -s conftest
configure:6305: $? = 0
configure:6329: result: none required
configure:6337: checking for ANSI C header files
configure:6367: gcc -c    -DDARWIN -DSIGPROCMASK_SETS_THREAD_MASK -no-cpp-precomp conftest.c >&5
configure:6373: $? = 0
configure:6380: test -z "$ac_c_werror_flag" || test ! -s conftest.err
configure:6383: $? = 0
configure:6390: test -s conftest.o
configure:6393: $? = 0
configure:6489: gcc -o conftest    -DDARWIN -DSIGPROCMASK_SETS_THREAD_MASK -no-cpp-precomp   -L/usr/lib conftest.c  >&5
configure:6492: $? = 0
configure:6498: ./conftest
configure:6501: $? = 0
configure:6518: result: yes
configure:6542: checking for sys/types.h
configure:6563: gcc -c    -DDARWIN -DSIGPROCMASK_SETS_THREAD_MASK -no-cpp-precomp conftest.c >&5
configure:6569: $? = 0
configure:6576: test -z "$ac_c_werror_flag" || test ! -s conftest.err
configure:6579: $? = 0
configure:6586: test -s conftest.o
configure:6589: $? = 0
configure:6602: result: yes
configure:6542: checking for sys/stat.h
configure:6563: gcc -c    -DDARWIN -DSIGPROCMASK_SETS_THREAD_MASK -no-cpp-precomp conftest.c >&5
configure:6569: $? = 0
configure:6576: test -z "$ac_c_werror_flag" || test ! -s conftest.err
configure:6579: $? = 0
configure:6586: test -s conftest.o
configure:6589: $? = 0
configure:6602: result: yes
configure:6542: checking for stdlib.h
configure:6563: gcc -c    -DDARWIN -DSIGPROCMASK_SETS_THREAD_MASK -no-cpp-precomp conftest.c >&5
configure:6569: $? = 0
configure:6576: test -z "$ac_c_werror_flag" || test ! -s conftest.err
configure:6579: $? = 0
configure:6586: test -s conftest.o
configure:6589: $? = 0
configure:6602: result: yes
configure:6542: checking for string.h
configure:6563: gcc -c    -DDARWIN -DSIGPROCMASK_SETS_THREAD_MASK -no-cpp-precomp conftest.c >&5
configure:6569: $? = 0
configure:6576: test -z "$ac_c_werror_flag" || test ! -s conftest.err
configure:6579: $? = 0
configure:6586: test -s conftest.o
configure:6589: $? = 0
configure:6602: result: yes
configure:6542: checking for memory.h
configure:6563: gcc -c    -DDARWIN -DSIGPROCMASK_SETS_THREAD_MASK -no-cpp-precomp conftest.c >&5
configure:6569: $? = 0
configure:6576: test -z "$ac_c_werror_flag" || test ! -s conftest.err
configure:6579: $? = 0
configure:6586: test -s conftest.o
configure:6589: $? = 0
configure:6602: result: yes
configure:6542: checking for strings.h
configure:6563: gcc -c    -DDARWIN -DSIGPROCMASK_SETS_THREAD_MASK -no-cpp-precomp conftest.c >&5
configure:6569: $? = 0
configure:6576: test -z "$ac_c_werror_flag" || test ! -s conftest.err
configure:6579: $? = 0
configure:6586: test -s conftest.o
configure:6589: $? = 0
configure:6602: result: yes
configure:6542: checking for inttypes.h
configure:6563: gcc -c    -DDARWIN -DSIGPROCMASK_SETS_THREAD_MASK -no-cpp-precomp conftest.c >&5
configure:6569: $? = 0
configure:6576: test -z "$ac_c_werror_flag" || test ! -s conftest.err
configure:6579: $? = 0
configure:6586: test -s conftest.o
configure:6589: $? = 0
configure:6602: result: yes
configure:6542: checking for stdint.h
configure:6563: gcc -c    -DDARWIN -DSIGPROCMASK_SETS_THREAD_MASK -no-cpp-precomp conftest.c >&5
configure:6569: $? = 0
configure:6576: test -z "$ac_c_werror_flag" || test ! -s conftest.err
configure:6579: $? = 0
configure:6586: test -s conftest.o
configure:6589: $? = 0
configure:6602: result: yes
configure:6542: checking for unistd.h
configure:6563: gcc -c    -DDARWIN -DSIGPROCMASK_SETS_THREAD_MASK -no-cpp-precomp conftest.c >&5
configure:6569: $? = 0
configure:6576: test -z "$ac_c_werror_flag" || test ! -s conftest.err
configure:6579: $? = 0
configure:6586: test -s conftest.o
configure:6589: $? = 0
configure:6602: result: yes
configure:6624: checking minix/config.h usability
configure:6641: gcc -c    -DDARWIN -DSIGPROCMASK_SETS_THREAD_MASK -no-cpp-precomp conftest.c >&5
conftest.c:51:26: error: minix/config.h: No such file or directory
configure:6647: $? = 1
configure: failed program was:
| /* confdefs.h.  */
| #define PACKAGE_NAME ""
| #define PACKAGE_TARNAME ""
| #define PACKAGE_VERSION ""
| #define PACKAGE_STRING ""
| #define PACKAGE_BUGREPORT ""
| #define STDC_HEADERS 1
| #define HAVE_SYS_TYPES_H 1
| #define HAVE_SYS_STAT_H 1
| #define HAVE_STDLIB_H 1
| #define HAVE_STRING_H 1
| #define HAVE_MEMORY_H 1
| #define HAVE_STRINGS_H 1
| #define HAVE_INTTYPES_H 1
| #define HAVE_STDINT_H 1
| #define HAVE_UNISTD_H 1
| /* end confdefs.h.  */
| #include <stdio.h>
| #if HAVE_SYS_TYPES_H
| # include <sys/types.h>
| #endif
| #if HAVE_SYS_STAT_H
| # include <sys/stat.h>
| #endif
| #if STDC_HEADERS
| # include <stdlib.h>
| # include <stddef.h>
| #else
| # if HAVE_STDLIB_H
| #  include <stdlib.h>
| # endif
| #endif
| #if HAVE_STRING_H
| # if !STDC_HEADERS && HAVE_MEMORY_H
| #  include <memory.h>
| # endif
| # include <string.h>
| #endif
| #if HAVE_STRINGS_H
| # include <strings.h>
| #endif
| #if HAVE_INTTYPES_H
| # include <inttypes.h>
| #endif
| #if HAVE_STDINT_H
| # include <stdint.h>
| #endif
| #if HAVE_UNISTD_H
| # include <unistd.h>
| #endif
| #include <minix/config.h>
configure:6678: result: no
configure:6682: checking minix/config.h presence
configure:6697: gcc -E  -DDARWIN -DSIGPROCMASK_SETS_THREAD_MASK -no-cpp-precomp conftest.c
conftest.c:18:26: error: minix/config.h: No such file or directory
configure:6703: $? = 1
configure: failed program was:
| /* confdefs.h.  */
| #define PACKAGE_NAME ""
| #define PACKAGE_TARNAME ""
| #define PACKAGE_VERSION ""
| #define PACKAGE_STRING ""
| #define PACKAGE_BUGREPORT ""
| #define STDC_HEADERS 1
| #define HAVE_SYS_TYPES_H 1
| #define HAVE_SYS_STAT_H 1
| #define HAVE_STDLIB_H 1
| #define HAVE_STRING_H 1
| #define HAVE_MEMORY_H 1
| #define HAVE_STRINGS_H 1
| #define HAVE_INTTYPES_H 1
| #define HAVE_STDINT_H 1
| #define HAVE_UNISTD_H 1
| /* end confdefs.h.  */
| #include <minix/config.h>
configure:6724: result: no
configure:6752: checking for minix/config.h
configure:6759: result: no
configure:6802: checking for APR version 1.2.0 or later
configure:6830: result: yes
configure:6861: checking for APR-util version 1.2.0 or later
configure:6889: result: yes
configure:6941: checking for ANSI C header files
configure:7122: result: yes
configure:7157: checking for string.h
configure:7163: result: yes
configure:7167: checking limits.h usability
configure:7184: gcc -c    -DDARWIN -DSIGPROCMASK_SETS_THREAD_MASK -no-cpp-precomp conftest.c >&5
configure:7190: $? = 0
configure:7197: test -z "$ac_c_werror_flag" || test ! -s conftest.err
configure:7200: $? = 0
configure:7207: test -s conftest.o
configure:7210: $? = 0
configure:7221: result: yes
configure:7225: checking limits.h presence
configure:7240: gcc -E  -DDARWIN -DSIGPROCMASK_SETS_THREAD_MASK -no-cpp-precomp conftest.c
configure:7246: $? = 0
configure:7267: result: yes
configure:7295: checking for limits.h
configure:7303: result: yes
configure:7157: checking for unistd.h
configure:7163: result: yes
configure:7167: checking sys/socket.h usability
configure:7184: gcc -c    -DDARWIN -DSIGPROCMASK_SETS_THREAD_MASK -no-cpp-precomp conftest.c >&5
configure:7190: $? = 0
configure:7197: test -z "$ac_c_werror_flag" || test ! -s conftest.err
configure:7200: $? = 0
configure:7207: test -s conftest.o
configure:7210: $? = 0
configure:7221: result: yes
configure:7225: checking sys/socket.h presence
configure:7240: gcc -E  -DDARWIN -DSIGPROCMASK_SETS_THREAD_MASK -no-cpp-precomp conftest.c
configure:7246: $? = 0
configure:7267: result: yes
configure:7295: checking for sys/socket.h
configure:7303: result: yes
configure:7167: checking pwd.h usability
configure:7184: gcc -c    -DDARWIN -DSIGPROCMASK_SETS_THREAD_MASK -no-cpp-precomp conftest.c >&5
configure:7190: $? = 0
configure:7197: test -z "$ac_c_werror_flag" || test ! -s conftest.err
configure:7200: $? = 0
configure:7207: test -s conftest.o
configure:7210: $? = 0
configure:7221: result: yes
configure:7225: checking pwd.h presence
configure:7240: gcc -E  -DDARWIN -DSIGPROCMASK_SETS_THREAD_MASK -no-cpp-precomp conftest.c
configure:7246: $? = 0
configure:7267: result: yes
configure:7295: checking for pwd.h
configure:7303: result: yes
configure:7167: checking grp.h usability
configure:7184: gcc -c    -DDARWIN -DSIGPROCMASK_SETS_THREAD_MASK -no-cpp-precomp conftest.c >&5
configure:7190: $? = 0
configure:7197: test -z "$ac_c_werror_flag" || test ! -s conftest.err
configure:7200: $? = 0
configure:7207: test -s conftest.o
configure:7210: $? = 0
configure:7221: result: yes
configure:7225: checking grp.h presence
configure:7240: gcc -E  -DDARWIN -DSIGPROCMASK_SETS_THREAD_MASK -no-cpp-precomp conftest.c
configure:7246: $? = 0
configure:7267: result: yes
configure:7295: checking for grp.h
configure:7303: result: yes
configure:7157: checking for strings.h
configure:7163: result: yes
configure:7167: checking sys/prctl.h usability
configure:7184: gcc -c    -DDARWIN -DSIGPROCMASK_SETS_THREAD_MASK -no-cpp-precomp conftest.c >&5
conftest.c:59:23: error: sys/prctl.h: No such file or directory
configure:7190: $? = 1
configure: failed program was:
| /* confdefs.h.  */
| #define PACKAGE_NAME ""
| #define PACKAGE_TARNAME ""
| #define PACKAGE_VERSION ""
| #define PACKAGE_STRING ""
| #define PACKAGE_BUGREPORT ""
| #define STDC_HEADERS 1
| #define HAVE_SYS_TYPES_H 1
| #define HAVE_SYS_STAT_H 1
| #define HAVE_STDLIB_H 1
| #define HAVE_STRING_H 1
| #define HAVE_MEMORY_H 1
| #define HAVE_STRINGS_H 1
| #define HAVE_INTTYPES_H 1
| #define HAVE_STDINT_H 1
| #define HAVE_UNISTD_H 1
| #define STDC_HEADERS 1
| #define HAVE_STRING_H 1
| #define HAVE_LIMITS_H 1
| #define HAVE_UNISTD_H 1
| #define HAVE_SYS_SOCKET_H 1
| #define HAVE_PWD_H 1
| #define HAVE_GRP_H 1
| #define HAVE_STRINGS_H 1
| /* end confdefs.h.  */
| #include <stdio.h>
| #if HAVE_SYS_TYPES_H
| # include <sys/types.h>
| #endif
| #if HAVE_SYS_STAT_H
| # include <sys/stat.h>
| #endif
| #if STDC_HEADERS
| # include <stdlib.h>
| # include <stddef.h>
| #else
| # if HAVE_STDLIB_H
| #  include <stdlib.h>
| # endif
| #endif
| #if HAVE_STRING_H
| # if !STDC_HEADERS && HAVE_MEMORY_H
| #  include <memory.h>
| # endif
| # include <string.h>
| #endif
| #if HAVE_STRINGS_H
| # include <strings.h>
| #endif
| #if HAVE_INTTYPES_H
| # include <inttypes.h>
| #endif
| #if HAVE_STDINT_H
| # include <stdint.h>
| #endif
| #if HAVE_UNISTD_H
| # include <unistd.h>
| #endif
| #include <sys/prctl.h>
configure:7221: result: no
configure:7225: checking sys/prctl.h presence
configure:7240: gcc -E  -DDARWIN -DSIGPROCMASK_SETS_THREAD_MASK -no-cpp-precomp conftest.c
conftest.c:26:23: error: sys/prctl.h: No such file or directory
configure:7246: $? = 1
configure: failed program was:
| /* confdefs.h.  */
| #define PACKAGE_NAME ""
| #define PACKAGE_TARNAME ""
| #define PACKAGE_VERSION ""
| #define PACKAGE_STRING ""
| #define PACKAGE_BUGREPORT ""
| #define STDC_HEADERS 1
| #define HAVE_SYS_TYPES_H 1
| #define HAVE_SYS_STAT_H 1
| #define HAVE_STDLIB_H 1
| #define HAVE_STRING_H 1
| #define HAVE_MEMORY_H 1
| #define HAVE_STRINGS_H 1
| #define HAVE_INTTYPES_H 1
| #define HAVE_STDINT_H 1
| #define HAVE_UNISTD_H 1
| #define STDC_HEADERS 1
| #define HAVE_STRING_H 1
| #define HAVE_LIMITS_H 1
| #define HAVE_UNISTD_H 1
| #define HAVE_SYS_SOCKET_H 1
| #define HAVE_PWD_H 1
| #define HAVE_GRP_H 1
| #define HAVE_STRINGS_H 1
| /* end confdefs.h.  */
| #include <sys/prctl.h>
configure:7267: result: no
configure:7295: checking for sys/prctl.h
configure:7303: result: no
configure:7167: checking sys/processor.h usability
configure:7184: gcc -c    -DDARWIN -DSIGPROCMASK_SETS_THREAD_MASK -no-cpp-precomp conftest.c >&5
conftest.c:59:27: error: sys/processor.h: No such file or directory
configure:7190: $? = 1
configure: failed program was:
| /* confdefs.h.  */
| #define PACKAGE_NAME ""
| #define PACKAGE_TARNAME ""
| #define PACKAGE_VERSION ""
| #define PACKAGE_STRING ""
| #define PACKAGE_BUGREPORT ""
| #define STDC_HEADERS 1
| #define HAVE_SYS_TYPES_H 1
| #define HAVE_SYS_STAT_H 1
| #define HAVE_STDLIB_H 1
| #define HAVE_STRING_H 1
| #define HAVE_MEMORY_H 1
| #define HAVE_STRINGS_H 1
| #define HAVE_INTTYPES_H 1
| #define HAVE_STDINT_H 1
| #define HAVE_UNISTD_H 1
| #define STDC_HEADERS 1
| #define HAVE_STRING_H 1
| #define HAVE_LIMITS_H 1
| #define HAVE_UNISTD_H 1
| #define HAVE_SYS_SOCKET_H 1
| #define HAVE_PWD_H 1
| #define HAVE_GRP_H 1
| #define HAVE_STRINGS_H 1
| /* end confdefs.h.  */
| #include <stdio.h>
| #if HAVE_SYS_TYPES_H
| # include <sys/types.h>
| #endif
| #if HAVE_SYS_STAT_H
| # include <sys/stat.h>
| #endif
| #if STDC_HEADERS
| # include <stdlib.h>
| # include <stddef.h>
| #else
| # if HAVE_STDLIB_H
| #  include <stdlib.h>
| # endif
| #endif
| #if HAVE_STRING_H
| # if !STDC_HEADERS && HAVE_MEMORY_H
| #  include <memory.h>
| # endif
| # include <string.h>
| #endif
| #if HAVE_STRINGS_H
| # include <strings.h>
| #endif
| #if HAVE_INTTYPES_H
| # include <inttypes.h>
| #endif
| #if HAVE_STDINT_H
| # include <stdint.h>
| #endif
| #if HAVE_UNISTD_H
| # include <unistd.h>
| #endif
| #include <sys/processor.h>
configure:7221: result: no
configure:7225: checking sys/processor.h presence
configure:7240: gcc -E  -DDARWIN -DSIGPROCMASK_SETS_THREAD_MASK -no-cpp-precomp conftest.c
conftest.c:26:27: error: sys/processor.h: No such file or directory
configure:7246: $? = 1
configure: failed program was:
| /* confdefs.h.  */
| #define PACKAGE_NAME ""
| #define PACKAGE_TARNAME ""
| #define PACKAGE_VERSION ""
| #define PACKAGE_STRING ""
| #define PACKAGE_BUGREPORT ""
| #define STDC_HEADERS 1
| #define HAVE_SYS_TYPES_H 1
| #define HAVE_SYS_STAT_H 1
| #define HAVE_STDLIB_H 1
| #define HAVE_STRING_H 1
| #define HAVE_MEMORY_H 1
| #define HAVE_STRINGS_H 1
| #define HAVE_INTTYPES_H 1
| #define HAVE_STDINT_H 1
| #define HAVE_UNISTD_H 1
| #define STDC_HEADERS 1
| #define HAVE_STRING_H 1
| #define HAVE_LIMITS_H 1
| #define HAVE_UNISTD_H 1
| #define HAVE_SYS_SOCKET_H 1
| #define HAVE_PWD_H 1
| #define HAVE_GRP_H 1
| #define HAVE_STRINGS_H 1
| /* end confdefs.h.  */
| #include <sys/processor.h>
configure:7267: result: no
configure:7295: checking for sys/processor.h
configure:7303: result: no
configure:7167: checking sys/sem.h usability
configure:7184: gcc -c    -DDARWIN -DSIGPROCMASK_SETS_THREAD_MASK -no-cpp-precomp conftest.c >&5
configure:7190: $? = 0
configure:7197: test -z "$ac_c_werror_flag" || test ! -s conftest.err
configure:7200: $? = 0
configure:7207: test -s conftest.o
configure:7210: $? = 0
configure:7221: result: yes
configure:7225: checking sys/sem.h presence
configure:7240: gcc -E  -DDARWIN -DSIGPROCMASK_SETS_THREAD_MASK -no-cpp-precomp conftest.c
configure:7246: $? = 0
configure:7267: result: yes
configure:7295: checking for sys/sem.h
configure:7303: result: yes
configure:7316: checking for sys/wait.h that is POSIX.1 compatible
configure:7352: gcc -c    -DDARWIN -DSIGPROCMASK_SETS_THREAD_MASK -no-cpp-precomp conftest.c >&5
configure:7358: $? = 0
configure:7365: test -z "$ac_c_werror_flag" || test ! -s conftest.err
configure:7368: $? = 0
configure:7375: test -s conftest.o
configure:7378: $? = 0
configure:7390: result: yes
configure:7402: checking for an ANSI C-conforming const
configure:7477: gcc -c    -DDARWIN -DSIGPROCMASK_SETS_THREAD_MASK -no-cpp-precomp conftest.c >&5
configure:7483: $? = 0
configure:7490: test -z "$ac_c_werror_flag" || test ! -s conftest.err
configure:7493: $? = 0
configure:7500: test -s conftest.o
configure:7503: $? = 0
configure:7515: result: yes
configure:7526: checking for library containing sqrt
configure:7567: gcc -o conftest    -DDARWIN -DSIGPROCMASK_SETS_THREAD_MASK -no-cpp-precomp   -L/usr/lib conftest.c  >&5
conftest.c:35: warning: conflicting types for built-in function 'sqrt'
configure:7573: $? = 0
configure:7580: test -z "$ac_c_werror_flag" || test ! -s conftest.err
configure:7583: $? = 0
configure:7590: test -s conftest
configure:7593: $? = 0
configure:7617: result: none required
configure:7645: checking for getpwnam
configure:7701: gcc -o conftest    -DDARWIN -DSIGPROCMASK_SETS_THREAD_MASK -no-cpp-precomp   -L/usr/lib conftest.c  >&5
configure:7707: $? = 0
configure:7714: test -z "$ac_c_werror_flag" || test ! -s conftest.err
configure:7717: $? = 0
configure:7724: test -s conftest
configure:7727: $? = 0
configure:7741: result: yes
configure:7645: checking for getgrnam
configure:7701: gcc -o conftest    -DDARWIN -DSIGPROCMASK_SETS_THREAD_MASK -no-cpp-precomp   -L/usr/lib conftest.c  >&5
configure:7707: $? = 0
configure:7714: test -z "$ac_c_werror_flag" || test ! -s conftest.err
configure:7717: $? = 0
configure:7724: test -s conftest
configure:7727: $? = 0
configure:7741: result: yes
configure:7645: checking for initgroups
configure:7701: gcc -o conftest    -DDARWIN -DSIGPROCMASK_SETS_THREAD_MASK -no-cpp-precomp   -L/usr/lib conftest.c  >&5
configure:7707: $? = 0
configure:7714: test -z "$ac_c_werror_flag" || test ! -s conftest.err
configure:7717: $? = 0
configure:7724: test -s conftest
configure:7727: $? = 0
configure:7741: result: yes
configure:7645: checking for bindprocessor
configure:7701: gcc -o conftest    -DDARWIN -DSIGPROCMASK_SETS_THREAD_MASK -no-cpp-precomp   -L/usr/lib conftest.c  >&5
Undefined symbols:
  "_bindprocessor", referenced from:
      _main in ccA64HzJ.o
ld: symbol(s) not found
collect2: ld returned 1 exit status
configure:7707: $? = 1
configure: failed program was:
| /* confdefs.h.  */
| #define PACKAGE_NAME ""
| #define PACKAGE_TARNAME ""
| #define PACKAGE_VERSION ""
| #define PACKAGE_STRING ""
| #define PACKAGE_BUGREPORT ""
| #define STDC_HEADERS 1
| #define HAVE_SYS_TYPES_H 1
| #define HAVE_SYS_STAT_H 1
| #define HAVE_STDLIB_H 1
| #define HAVE_STRING_H 1
| #define HAVE_MEMORY_H 1
| #define HAVE_STRINGS_H 1
| #define HAVE_INTTYPES_H 1
| #define HAVE_STDINT_H 1
| #define HAVE_UNISTD_H 1
| #define STDC_HEADERS 1
| #define HAVE_STRING_H 1
| #define HAVE_LIMITS_H 1
| #define HAVE_UNISTD_H 1
| #define HAVE_SYS_SOCKET_H 1
| #define HAVE_PWD_H 1
| #define HAVE_GRP_H 1
| #define HAVE_STRINGS_H 1
| #define HAVE_SYS_SEM_H 1
| #define HAVE_SYS_WAIT_H 1
| #define HAVE_GETPWNAM 1
| #define HAVE_GETGRNAM 1
| #define HAVE_INITGROUPS 1
| /* end confdefs.h.  */
| /* Define bindprocessor to an innocuous variant, in case <limits.h> declares bindprocessor.
|    For example, HP-UX 11i <limits.h> declares gettimeofday.  */
| #define bindprocessor innocuous_bindprocessor
| 
| /* System header to define __stub macros and hopefully few prototypes,
|     which can conflict with char bindprocessor (); below.
|     Prefer <limits.h> to <assert.h> if __STDC__ is defined, since
|     <limits.h> exists even on freestanding compilers.  */
| 
| #ifdef __STDC__
| # include <limits.h>
| #else
| # include <assert.h>
| #endif
| 
| #undef bindprocessor
| 
| /* Override any GCC internal prototype to avoid an error.
|    Use char because int might match the return type of a GCC
|    builtin and then its argument prototype would still apply.  */
| #ifdef __cplusplus
| extern "C"
| #endif
| char bindprocessor ();
| /* The GNU C library defines this for functions which it implements
|     to always fail with ENOSYS.  Some functions are actually named
|     something starting with __ and the normal name is an alias.  */
| #if defined __stub_bindprocessor || defined __stub___bindprocessor
| choke me
| #endif
| 
| int
| main ()
| {
| return bindprocessor ();
|   ;
|   return 0;
| }
configure:7741: result: no
configure:7645: checking for prctl
configure:7701: gcc -o conftest    -DDARWIN -DSIGPROCMASK_SETS_THREAD_MASK -no-cpp-precomp   -L/usr/lib conftest.c  >&5
Undefined symbols:
  "_prctl", referenced from:
      _main in cceKJJXn.o
ld: symbol(s) not found
collect2: ld returned 1 exit status
configure:7707: $? = 1
configure: failed program was:
| /* confdefs.h.  */
| #define PACKAGE_NAME ""
| #define PACKAGE_TARNAME ""
| #define PACKAGE_VERSION ""
| #define PACKAGE_STRING ""
| #define PACKAGE_BUGREPORT ""
| #define STDC_HEADERS 1
| #define HAVE_SYS_TYPES_H 1
| #define HAVE_SYS_STAT_H 1
| #define HAVE_STDLIB_H 1
| #define HAVE_STRING_H 1
| #define HAVE_MEMORY_H 1
| #define HAVE_STRINGS_H 1
| #define HAVE_INTTYPES_H 1
| #define HAVE_STDINT_H 1
| #define HAVE_UNISTD_H 1
| #define STDC_HEADERS 1
| #define HAVE_STRING_H 1
| #define HAVE_LIMITS_H 1
| #define HAVE_UNISTD_H 1
| #define HAVE_SYS_SOCKET_H 1
| #define HAVE_PWD_H 1
| #define HAVE_GRP_H 1
| #define HAVE_STRINGS_H 1
| #define HAVE_SYS_SEM_H 1
| #define HAVE_SYS_WAIT_H 1
| #define HAVE_GETPWNAM 1
| #define HAVE_GETGRNAM 1
| #define HAVE_INITGROUPS 1
| /* end confdefs.h.  */
| /* Define prctl to an innocuous variant, in case <limits.h> declares prctl.
|    For example, HP-UX 11i <limits.h> declares gettimeofday.  */
| #define prctl innocuous_prctl
| 
| /* System header to define __stub macros and hopefully few prototypes,
|     which can conflict with char prctl (); below.
|     Prefer <limits.h> to <assert.h> if __STDC__ is defined, since
|     <limits.h> exists even on freestanding compilers.  */
| 
| #ifdef __STDC__
| # include <limits.h>
| #else
| # include <assert.h>
| #endif
| 
| #undef prctl
| 
| /* Override any GCC internal prototype to avoid an error.
|    Use char because int might match the return type of a GCC
|    builtin and then its argument prototype would still apply.  */
| #ifdef __cplusplus
| extern "C"
| #endif
| char prctl ();
| /* The GNU C library defines this for functions which it implements
|     to always fail with ENOSYS.  Some functions are actually named
|     something starting with __ and the normal name is an alias.  */
| #if defined __stub_prctl || defined __stub___prctl
| choke me
| #endif
| 
| int
| main ()
| {
| return prctl ();
|   ;
|   return 0;
| }
configure:7741: result: no
configure:7645: checking for timegm
configure:7701: gcc -o conftest    -DDARWIN -DSIGPROCMASK_SETS_THREAD_MASK -no-cpp-precomp   -L/usr/lib conftest.c  >&5
configure:7707: $? = 0
configure:7714: test -z "$ac_c_werror_flag" || test ! -s conftest.err
configure:7717: $? = 0
configure:7724: test -s conftest
configure:7727: $? = 0
configure:7741: result: yes
configure:7645: checking for getpgid
configure:7701: gcc -o conftest    -DDARWIN -DSIGPROCMASK_SETS_THREAD_MASK -no-cpp-precomp   -L/usr/lib conftest.c  >&5
configure:7707: $? = 0
configure:7714: test -z "$ac_c_werror_flag" || test ! -s conftest.err
configure:7717: $? = 0
configure:7724: test -s conftest
configure:7727: $? = 0
configure:7741: result: yes
configure:7754: checking for void pointer length
configure:7780: gcc -o conftest    -DDARWIN -DSIGPROCMASK_SETS_THREAD_MASK -no-cpp-precomp   -L/usr/lib conftest.c  >&5
configure:7783: $? = 0
configure:7789: ./conftest
configure:7792: $? = 0
configure:7808: result: no
configure:7818: checking for tm_gmtoff in struct tm
configure:7845: gcc -c    -DDARWIN -DSIGPROCMASK_SETS_THREAD_MASK -no-cpp-precomp conftest.c >&5
configure:7851: $? = 0
configure:7858: test -z "$ac_c_werror_flag" || test ! -s conftest.err
configure:7861: $? = 0
configure:7868: test -s conftest.o
configure:7871: $? = 0
configure:7883: result: yes
configure:8146: checking whether to enable mod_authn_file
configure:8184: result: yes (default)
configure:8239: checking whether to enable mod_authn_dbm
configure:8277: result: no
configure:8332: checking whether to enable mod_authn_anon
configure:8370: result: no
configure:8425: checking whether to enable mod_authn_dbd
configure:8463: result: no
configure:8519: checking whether to enable mod_authn_default
configure:8557: result: yes (default)
configure:8613: checking whether to enable mod_authn_alias
configure:8651: result: no
configure:8707: checking whether to enable mod_authz_host
configure:8745: result: yes (default)
configure:8800: checking whether to enable mod_authz_groupfile
configure:8838: result: yes (default)
configure:8893: checking whether to enable mod_authz_user
configure:8931: result: yes (default)
configure:8986: checking whether to enable mod_authz_dbm
configure:9024: result: no
configure:9079: checking whether to enable mod_authz_owner
configure:9117: result: no
configure:9173: checking whether to enable mod_authnz_ldap
configure:9211: result: no
configure:9267: checking whether to enable mod_authz_default
configure:9305: result: yes (default)
configure:9362: checking whether to enable mod_auth_basic
configure:9400: result: yes (default)
configure:9455: checking whether to enable mod_auth_digest
configure:9538: result: no
configure:9619: checking whether to enable mod_isapi
configure:9657: result: no
configure:9738: checking whether to enable mod_file_cache
configure:9776: result: no
configure:9834: checking whether to enable mod_cache
configure:9872: result: no
configure:9927: checking whether to enable mod_disk_cache
configure:9965: result: no
configure:10020: checking whether to enable mod_mem_cache
configure:10058: result: no
configure:10138: checking whether to enable mod_dbd
configure:10176: result: no
configure:10256: checking whether to enable mod_bucketeer
configure:10294: result: no
configure:10349: checking whether to enable mod_dumpio
configure:10387: result: no
configure:10468: checking whether to enable mod_echo
configure:10506: result: no
configure:10586: checking whether to enable mod_example
configure:10624: result: no
configure:10679: checking whether to enable mod_case_filter
configure:10717: result: no
configure:10772: checking whether to enable mod_case_filter_in
configure:10810: result: no
configure:10891: checking whether to enable mod_ext_filter
configure:10929: result: no
configure:10984: checking whether to enable mod_include
configure:11022: result: yes (default)
configure:11077: checking whether to enable mod_filter
configure:11115: result: yes (default)
configure:11268: checking whether to enable mod_charset_lite
configure:11306: result: no
configure:11364: checking whether to enable mod_deflate
configure:11637: result: no
configure:11719: checking whether to enable mod_ldap
configure:11757: result: no
configure:11838: checking whether to enable mod_log_config
configure:11876: result: yes (default)
configure:11931: checking whether to enable mod_log_forensic
configure:11969: result: no
configure:12050: checking whether to enable mod_logio
configure:12088: result: no
configure:12169: checking whether to enable mod_env
configure:12207: result: yes (default)
configure:12262: checking whether to enable mod_mime_magic
configure:12300: result: no
configure:12355: checking whether to enable mod_cern_meta
configure:12393: result: no
configure:12448: checking whether to enable mod_expires
configure:12486: result: no
configure:12541: checking whether to enable mod_headers
configure:12579: result: no
configure:12634: checking whether to enable mod_ident
configure:12672: result: no
configure:12728: checking whether to enable mod_usertrack
configure:13054: result: no
configure:13110: checking whether to enable mod_unique_id
configure:13148: result: no
configure:13203: checking whether to enable mod_setenvif
configure:13241: result: yes (default)
configure:13296: checking whether to enable mod_version
configure:13334: result: no
configure:13423: checking whether to enable mod_proxy
configure:13461: result: no
configure:13535: checking whether to enable mod_proxy_connect
configure:13573: result: no
configure:13628: checking whether to enable mod_proxy_ftp
configure:13666: result: no
configure:13721: checking whether to enable mod_proxy_http
configure:13759: result: no
configure:13814: checking whether to enable mod_proxy_ajp
configure:13852: result: no
configure:13907: checking whether to enable mod_proxy_balancer
configure:13945: result: no
configure:14050: checking whether to enable mod_ssl
configure:16160: result: no
configure:16264: checking whether to enable mod_optional_hook_export
configure:16302: result: no
configure:16357: checking whether to enable mod_optional_hook_import
configure:16395: result: no
configure:16450: checking whether to enable mod_optional_fn_import
configure:16488: result: no
configure:16543: checking whether to enable mod_optional_fn_export
configure:16581: result: no
configure:16674: checking for target platform
configure:16699: result: unix
configure:16731: checking for rlim_t
configure:16762: gcc -c    -DDARWIN -DSIGPROCMASK_SETS_THREAD_MASK -no-cpp-precomp conftest.c >&5
configure:16768: $? = 0
configure:16775: test -z "$ac_c_werror_flag" || test ! -s conftest.err
configure:16778: $? = 0
configure:16785: test -s conftest.o
configure:16788: $? = 0
configure:16804: result: yes
configure:16833: checking sys/time.h usability
configure:16850: gcc -c    -DDARWIN -DSIGPROCMASK_SETS_THREAD_MASK -no-cpp-precomp conftest.c >&5
configure:16856: $? = 0
configure:16863: test -z "$ac_c_werror_flag" || test ! -s conftest.err
configure:16866: $? = 0
configure:16873: test -s conftest.o
configure:16876: $? = 0
configure:16887: result: yes
configure:16891: checking sys/time.h presence
configure:16906: gcc -E  -DDARWIN -DSIGPROCMASK_SETS_THREAD_MASK -no-cpp-precomp conftest.c
configure:16912: $? = 0
configure:16933: result: yes
configure:16961: checking for sys/time.h
configure:16969: result: yes
configure:16833: checking sys/resource.h usability
configure:16850: gcc -c    -DDARWIN -DSIGPROCMASK_SETS_THREAD_MASK -no-cpp-precomp conftest.c >&5
configure:16856: $? = 0
configure:16863: test -z "$ac_c_werror_flag" || test ! -s conftest.err
configure:16866: $? = 0
configure:16873: test -s conftest.o
configure:16876: $? = 0
configure:16887: result: yes
configure:16891: checking sys/resource.h presence
configure:16906: gcc -E  -DDARWIN -DSIGPROCMASK_SETS_THREAD_MASK -no-cpp-precomp conftest.c
configure:16912: $? = 0
configure:16933: result: yes
configure:16961: checking for sys/resource.h
configure:16969: result: yes
configure:16823: checking for sys/sem.h
configure:16829: result: yes
configure:16833: checking sys/ipc.h usability
configure:16850: gcc -c    -DDARWIN -DSIGPROCMASK_SETS_THREAD_MASK -no-cpp-precomp conftest.c >&5
configure:16856: $? = 0
configure:16863: test -z "$ac_c_werror_flag" || test ! -s conftest.err
configure:16866: $? = 0
configure:16873: test -s conftest.o
configure:16876: $? = 0
configure:16887: result: yes
configure:16891: checking sys/ipc.h presence
configure:16906: gcc -E  -DDARWIN -DSIGPROCMASK_SETS_THREAD_MASK -no-cpp-precomp conftest.c
configure:16912: $? = 0
configure:16933: result: yes
configure:16961: checking for sys/ipc.h
configure:16969: result: yes
configure:16988: checking for setsid
configure:17044: gcc -o conftest    -DDARWIN -DSIGPROCMASK_SETS_THREAD_MASK -no-cpp-precomp   -L/usr/lib conftest.c  >&5
configure:17050: $? = 0
configure:17057: test -z "$ac_c_werror_flag" || test ! -s conftest.err
configure:17060: $? = 0
configure:17067: test -s conftest
configure:17070: $? = 0
configure:17084: result: yes
configure:16988: checking for killpg
configure:17044: gcc -o conftest    -DDARWIN -DSIGPROCMASK_SETS_THREAD_MASK -no-cpp-precomp   -L/usr/lib conftest.c  >&5
configure:17050: $? = 0
configure:17057: test -z "$ac_c_werror_flag" || test ! -s conftest.err
configure:17060: $? = 0
configure:17067: test -s conftest
configure:17070: $? = 0
configure:17084: result: yes
configure:17114: checking bstring.h usability
configure:17131: gcc -c    -DDARWIN -DSIGPROCMASK_SETS_THREAD_MASK -no-cpp-precomp conftest.c >&5
conftest.c:74:21: error: bstring.h: No such file or directory
configure:17137: $? = 1
configure: failed program was:
| /* confdefs.h.  */
| #define PACKAGE_NAME ""
| #define PACKAGE_TARNAME ""
| #define PACKAGE_VERSION ""
| #define PACKAGE_STRING ""
| #define PACKAGE_BUGREPORT ""
| #define STDC_HEADERS 1
| #define HAVE_SYS_TYPES_H 1
| #define HAVE_SYS_STAT_H 1
| #define HAVE_STDLIB_H 1
| #define HAVE_STRING_H 1
| #define HAVE_MEMORY_H 1
| #define HAVE_STRINGS_H 1
| #define HAVE_INTTYPES_H 1
| #define HAVE_STDINT_H 1
| #define HAVE_UNISTD_H 1
| #define STDC_HEADERS 1
| #define HAVE_STRING_H 1
| #define HAVE_LIMITS_H 1
| #define HAVE_UNISTD_H 1
| #define HAVE_SYS_SOCKET_H 1
| #define HAVE_PWD_H 1
| #define HAVE_GRP_H 1
| #define HAVE_STRINGS_H 1
| #define HAVE_SYS_SEM_H 1
| #define HAVE_SYS_WAIT_H 1
| #define HAVE_GETPWNAM 1
| #define HAVE_GETGRNAM 1
| #define HAVE_INITGROUPS 1
| #define HAVE_TIMEGM 1
| #define HAVE_GETPGID 1
| #define HAVE_GMTOFF 1
| #define AP_ENABLE_V4_MAPPED 1
| #define HAVE_SYS_TIME_H 1
| #define HAVE_SYS_RESOURCE_H 1
| #define HAVE_SYS_SEM_H 1
| #define HAVE_SYS_IPC_H 1
| #define HAVE_SETSID 1
| #define HAVE_KILLPG 1
| /* end confdefs.h.  */
| #include <stdio.h>
| #if HAVE_SYS_TYPES_H
| # include <sys/types.h>
| #endif
| #if HAVE_SYS_STAT_H
| # include <sys/stat.h>
| #endif
| #if STDC_HEADERS
| # include <stdlib.h>
| # include <stddef.h>
| #else
| # if HAVE_STDLIB_H
| #  include <stdlib.h>
| # endif
| #endif
| #if HAVE_STRING_H
| # if !STDC_HEADERS && HAVE_MEMORY_H
| #  include <memory.h>
| # endif
| # include <string.h>
| #endif
| #if HAVE_STRINGS_H
| # include <strings.h>
| #endif
| #if HAVE_INTTYPES_H
| # include <inttypes.h>
| #endif
| #if HAVE_STDINT_H
| # include <stdint.h>
| #endif
| #if HAVE_UNISTD_H
| # include <unistd.h>
| #endif
| #include <bstring.h>
configure:17168: result: no
configure:17172: checking bstring.h presence
configure:17187: gcc -E  -DDARWIN -DSIGPROCMASK_SETS_THREAD_MASK -no-cpp-precomp conftest.c
conftest.c:41:21: error: bstring.h: No such file or directory
configure:17193: $? = 1
configure: failed program was:
| /* confdefs.h.  */
| #define PACKAGE_NAME ""
| #define PACKAGE_TARNAME ""
| #define PACKAGE_VERSION ""
| #define PACKAGE_STRING ""
| #define PACKAGE_BUGREPORT ""
| #define STDC_HEADERS 1
| #define HAVE_SYS_TYPES_H 1
| #define HAVE_SYS_STAT_H 1
| #define HAVE_STDLIB_H 1
| #define HAVE_STRING_H 1
| #define HAVE_MEMORY_H 1
| #define HAVE_STRINGS_H 1
| #define HAVE_INTTYPES_H 1
| #define HAVE_STDINT_H 1
| #define HAVE_UNISTD_H 1
| #define STDC_HEADERS 1
| #define HAVE_STRING_H 1
| #define HAVE_LIMITS_H 1
| #define HAVE_UNISTD_H 1
| #define HAVE_SYS_SOCKET_H 1
| #define HAVE_PWD_H 1
| #define HAVE_GRP_H 1
| #define HAVE_STRINGS_H 1
| #define HAVE_SYS_SEM_H 1
| #define HAVE_SYS_WAIT_H 1
| #define HAVE_GETPWNAM 1
| #define HAVE_GETGRNAM 1
| #define HAVE_INITGROUPS 1
| #define HAVE_TIMEGM 1
| #define HAVE_GETPGID 1
| #define HAVE_GMTOFF 1
| #define AP_ENABLE_V4_MAPPED 1
| #define HAVE_SYS_TIME_H 1
| #define HAVE_SYS_RESOURCE_H 1
| #define HAVE_SYS_SEM_H 1
| #define HAVE_SYS_IPC_H 1
| #define HAVE_SETSID 1
| #define HAVE_KILLPG 1
| /* end confdefs.h.  */
| #include <bstring.h>
configure:17214: result: no
configure:17242: checking for bstring.h
configure:17250: result: no
configure:17104: checking for unistd.h
configure:17110: result: yes
configure:17270: checking for syslog
configure:17326: gcc -o conftest    -DDARWIN -DSIGPROCMASK_SETS_THREAD_MASK -no-cpp-precomp   -L/usr/lib conftest.c  >&5
configure:17332: $? = 0
configure:17339: test -z "$ac_c_werror_flag" || test ! -s conftest.err
configure:17342: $? = 0
configure:17349: test -s conftest
configure:17352: $? = 0
configure:17366: result: yes
configure:17392: checking sys/times.h usability
configure:17409: gcc -c    -DDARWIN -DSIGPROCMASK_SETS_THREAD_MASK -no-cpp-precomp conftest.c >&5
configure:17415: $? = 0
configure:17422: test -z "$ac_c_werror_flag" || test ! -s conftest.err
configure:17425: $? = 0
configure:17432: test -s conftest.o
configure:17435: $? = 0
configure:17446: result: yes
configure:17450: checking sys/times.h presence
configure:17465: gcc -E  -DDARWIN -DSIGPROCMASK_SETS_THREAD_MASK -no-cpp-precomp conftest.c
configure:17471: $? = 0
configure:17492: result: yes
configure:17520: checking for sys/times.h
configure:17528: result: yes
configure:17545: checking for times
configure:17601: gcc -o conftest    -DDARWIN -DSIGPROCMASK_SETS_THREAD_MASK -no-cpp-precomp   -L/usr/lib conftest.c  >&5
configure:17607: $? = 0
configure:17614: test -z "$ac_c_werror_flag" || test ! -s conftest.err
configure:17617: $? = 0
configure:17624: test -s conftest
configure:17627: $? = 0
configure:17641: result: yes
configure:17652: checking which MPM to use
configure:17668: result: prefork
configure:18532: checking whether to enable mod_http
configure:18570: result: yes
configure:18625: checking whether to enable mod_mime
configure:18663: result: yes (default)
configure:18732: checking for extra modules
configure:18792: result: none
configure:18817: checking whether to enable mod_dav
configure:18855: result: no
configure:18963: checking whether to enable mod_status
configure:19001: result: yes (default)
configure:19056: checking whether to enable mod_autoindex
configure:19094: result: yes (default)
configure:19149: checking whether to enable mod_asis
configure:19187: result: yes (default)
configure:19242: checking whether to enable mod_info
configure:19280: result: no
configure:19335: checking whether to enable mod_suexec
configure:19387: result: no
configure:19636: checking whether to enable mod_cgi
configure:19674: result: yes (default)
configure:19729: checking whether to enable mod_cgid
configure:19767: result: no
configure:20207: checking whether to enable mod_dav_fs
configure:20245: result: no
configure:20335: checking whether to enable mod_dav_lock
configure:20373: result: no
configure:20454: checking whether to enable mod_vhost_alias
configure:20492: result: no
configure:20547: checking whether to enable mod_negotiation
configure:20585: result: yes (default)
configure:20640: checking whether to enable mod_dir
configure:20678: result: yes (default)
configure:20733: checking whether to enable mod_imagemap
configure:20771: result: no
configure:20826: checking whether to enable mod_actions
configure:20864: result: yes (default)
configure:20919: checking whether to enable mod_speling
configure:20957: result: no
configure:21012: checking whether to enable mod_userdir
configure:21050: result: yes (default)
configure:21105: checking whether to enable mod_alias
configure:21143: result: yes (default)
configure:21199: checking whether to enable mod_rewrite
configure:21237: result: no
configure:21388: checking whether to enable mod_so
configure:21426: result: yes
configure:22405: creating ./config.status

## ---------------------- ##
## Running config.status. ##
## ---------------------- ##

This file was extended by config.status, which was
generated by GNU Autoconf 2.60.  Invocation command line was

  CONFIG_FILES    = 
  CONFIG_HEADERS  = 
  CONFIG_LINKS    = 
  CONFIG_COMMANDS = 
  $ ./config.status 

on macpro-paul.local

config.status:849: creating docs/conf/httpd.conf
config.status:849: creating docs/conf/extra/httpd-autoindex.conf
config.status:849: creating docs/conf/extra/httpd-dav.conf
config.status:849: creating docs/conf/extra/httpd-default.conf
config.status:849: creating docs/conf/extra/httpd-info.conf
config.status:849: creating docs/conf/extra/httpd-languages.conf
config.status:849: creating docs/conf/extra/httpd-manual.conf
config.status:849: creating docs/conf/extra/httpd-mpm.conf
config.status:849: creating docs/conf/extra/httpd-multilang-errordoc.conf
config.status:849: creating docs/conf/extra/httpd-ssl.conf
config.status:849: creating docs/conf/extra/httpd-userdir.conf
config.status:849: creating docs/conf/extra/httpd-vhosts.conf
config.status:849: creating include/ap_config_layout.h
config.status:849: creating support/apxs
config.status:849: creating support/apachectl
config.status:849: creating support/dbmmanage
config.status:849: creating support/envvars-std
config.status:849: creating support/log_server_status
config.status:849: creating support/logresolve.pl
config.status:849: creating support/phf_abuse_log.cgi
config.status:849: creating support/split-logfile
config.status:849: creating build/rules.mk
config.status:849: creating build/pkg/pkginfo
config.status:849: creating build/config_vars.sh
config.status:849: creating include/ap_config_auto.h
config.status:1117: executing default commands

## ---------------- ##
## Cache variables. ##
## ---------------- ##

ac_cv_build=i386-apple-darwin9.1.0
ac_cv_c_compiler_gnu=yes
ac_cv_c_const=yes
ac_cv_define_APR_HAS_DSO=yes
ac_cv_define_APR_HAVE_IPV6=yes
ac_cv_env_CC_set=
ac_cv_env_CC_value=
ac_cv_env_CFLAGS_set=
ac_cv_env_CFLAGS_value=
ac_cv_env_CPPFLAGS_set=
ac_cv_env_CPPFLAGS_value=
ac_cv_env_CPP_set=
ac_cv_env_CPP_value=
ac_cv_env_LDFLAGS_set=
ac_cv_env_LDFLAGS_value=
ac_cv_env_build_alias_set=
ac_cv_env_build_alias_value=
ac_cv_env_host_alias_set=
ac_cv_env_host_alias_value=
ac_cv_env_target_alias_set=
ac_cv_env_target_alias_value=
ac_cv_func_bindprocessor=no
ac_cv_func_getgrnam=yes
ac_cv_func_getpgid=yes
ac_cv_func_getpwnam=yes
ac_cv_func_initgroups=yes
ac_cv_func_killpg=yes
ac_cv_func_prctl=no
ac_cv_func_setsid=yes
ac_cv_func_syslog=yes
ac_cv_func_timegm=yes
ac_cv_func_times=yes
ac_cv_header_bstring_h=no
ac_cv_header_grp_h=yes
ac_cv_header_inttypes_h=yes
ac_cv_header_limits_h=yes
ac_cv_header_memory_h=yes
ac_cv_header_minix_config_h=no
ac_cv_header_pwd_h=yes
ac_cv_header_stdc=yes
ac_cv_header_stdint_h=yes
ac_cv_header_stdlib_h=yes
ac_cv_header_string_h=yes
ac_cv_header_strings_h=yes
ac_cv_header_sys_ipc_h=yes
ac_cv_header_sys_prctl_h=no
ac_cv_header_sys_processor_h=no
ac_cv_header_sys_resource_h=yes
ac_cv_header_sys_sem_h=yes
ac_cv_header_sys_socket_h=yes
ac_cv_header_sys_stat_h=yes
ac_cv_header_sys_time_h=yes
ac_cv_header_sys_times_h=yes
ac_cv_header_sys_types_h=yes
ac_cv_header_sys_wait_h=yes
ac_cv_header_unistd_h=yes
ac_cv_host=i386-apple-darwin9.1.0
ac_cv_mkdir_p=yes
ac_cv_objext=o
ac_cv_path_EGREP='/usr/bin/grep -E'
ac_cv_path_GREP=/usr/bin/grep
ac_cv_path_PKGCONFIG=/opt/local/bin/pkg-config
ac_cv_path_RM=/bin/rm
ac_cv_path_RSYNC=/usr/bin/rsync
ac_cv_prog_AWK=awk
ac_cv_prog_CPP='gcc -E'
ac_cv_prog_ac_ct_CC=gcc
ac_cv_prog_ac_ct_RANLIB=ranlib
ac_cv_prog_cc_c89=
ac_cv_prog_cc_g=yes
ac_cv_search_sqrt='none required'
ac_cv_search_strerror='none required'
ac_cv_struct_tm_gmtoff=yes
ac_cv_target=i386-apple-darwin9.1.0
ac_cv_type_rlim_t=yes
ap_cv_aprver12=yes
ap_cv_apuver12=yes
apache_cv_mpm=prefork

## ----------------- ##
## Output variables. ##
## ----------------- ##

APACHECTL_ULIMIT=''
APR_BINDIR='/usr/bin'
APR_CONFIG='/usr/bin/apr-1-config'
APR_INCLUDEDIR='/usr/include/apr-1'
APR_VERSION='1.2.7'
APU_BINDIR='/usr/bin'
APU_CONFIG='/usr/bin/apu-1-config'
APU_INCLUDEDIR='/usr/include/apr-1'
APU_VERSION='1.2.7'
AP_BUILD_SRCLIB_DIRS=' pcre'
AP_CLEAN_SRCLIB_DIRS=' pcre'
AP_LIBS='/Users/paul/Documents/Jaxer-dev/httpd-2.2.6/srclib/pcre/libpcre.la  -L/usr/lib -R/usr/lib -laprutil-1 -lsqlite3 -lexpat -liconv  -L/usr/lib -R/usr/lib -lapr-1 -lpthread'
AWK='awk'
BUILTIN_LIBS=' modules/aaa/libmod_authn_file.la modules/aaa/libmod_authn_default.la modules/aaa/libmod_authz_host.la modules/aaa/libmod_authz_groupfile.la modules/aaa/libmod_authz_user.la modules/aaa/libmod_authz_default.la modules/aaa/libmod_auth_basic.la modules/filters/libmod_include.la modules/filters/libmod_filter.la modules/loggers/libmod_log_config.la modules/metadata/libmod_env.la modules/metadata/libmod_setenvif.la modules/http/libmod_http.la modules/http/libmod_mime.la modules/generators/libmod_status.la modules/generators/libmod_autoindex.la modules/generators/libmod_asis.la modules/generators/libmod_cgi.la modules/mappers/libmod_negotiation.la modules/mappers/libmod_dir.la modules/mappers/libmod_actions.la modules/mappers/libmod_userdir.la modules/mappers/libmod_alias.la modules/mappers/libmod_so.la'
CC='gcc'
CFLAGS=''
CORE_IMPLIB=''
CORE_IMPLIB_FILE=''
CPP='gcc -E'
CPPFLAGS=''
CXX=''
CXXFLAGS=''
DEFS='-DHAVE_CONFIG_H'
DSO_MODULES=''
ECHO_C='ECHO_N=''
ECHO_T=''
EGREP='/usr/bin/grep -E'
EXEEXT=''
EXTRA_CFLAGS=' '
EXTRA_CPPFLAGS=' -DDARWIN -DSIGPROCMASK_SETS_THREAD_MASK -no-cpp-precomp'
EXTRA_CXXFLAGS=''
EXTRA_INCLUDES='-I$(top_builddir)/srclib/pcre -I. -I$(top_srcdir)/os/$(OS_DIR) -I$(top_srcdir)/server/mpm/$(MPM_SUBDIR_NAME) -I$(top_srcdir)/modules/http -I$(top_srcdir)/modules/filters -I$(top_srcdir)/modules/proxy -I$(top_srcdir)/include -I$(top_srcdir)/modules/generators -I$(top_srcdir)/modules/mappers -I$(top_srcdir)/modules/database -I/usr/include/apr-1 -I$(top_srcdir)/modules/proxy/../generators -I$(top_srcdir)/modules/ssl -I$(top_srcdir)/modules/dav/main'
EXTRA_LDFLAGS='  -L/usr/lib'
EXTRA_LIBS=''
GREP='/usr/bin/grep'
HTTPD_LDFLAGS='-export-dynamic'
HTTPD_VERSION='2.2.6'
INCLUDES=''
INSTALL='$(LIBTOOL) --mode=install $(abs_srcdir)/build/install.sh -c'
INSTALL_DSO='yes'
INSTALL_PROG_FLAGS=''
LDFLAGS=''
LIBOBJS=''
LIBS=''
LIBTOOL='/usr/share/apr-1/build-1/libtool $(LTFLAGS)'
LN_S='ln -s'
LTCFLAGS='-prefer-non-pic -static'
LTFLAGS='--silent'
LTLIBOBJS=''
LT_LDFLAGS=''
LYNX_PATH='lynx'
MKDEP='$(CC) -MM'
MKINSTALLDIRS='$(abs_srcdir)/build/mkdir.sh'
MK_IMPLIB=''
MODULE_CLEANDIRS=' arch/win32 cache database debug echo experimental ldap proxy ssl test dav/main dav/fs dav/lock'
MODULE_DIRS=' aaa filters loggers metadata http generators mappers'
MOD_ACTIONS_LDADD=''
MOD_ALIAS_LDADD=''
MOD_ASIS_LDADD=''
MOD_AUTHNZ_LDAP_LDADD=''
MOD_AUTHN_ALIAS_LDADD=''
MOD_AUTHN_ANON_LDADD=''
MOD_AUTHN_DBD_LDADD=''
MOD_AUTHN_DBM_LDADD=''
MOD_AUTHN_DEFAULT_LDADD=''
MOD_AUTHN_FILE_LDADD=''
MOD_AUTHZ_DBM_LDADD=''
MOD_AUTHZ_DEFAULT_LDADD=''
MOD_AUTHZ_GROUPFILE_LDADD=''
MOD_AUTHZ_HOST_LDADD=''
MOD_AUTHZ_OWNER_LDADD=''
MOD_AUTHZ_USER_LDADD=''
MOD_AUTH_BASIC_LDADD=''
MOD_AUTH_DIGEST_LDADD=''
MOD_AUTOINDEX_LDADD=''
MOD_BUCKETEER_LDADD=''
MOD_CACHE_LDADD=''
MOD_CASE_FILTER_IN_LDADD=''
MOD_CASE_FILTER_LDADD=''
MOD_CERN_META_LDADD=''
MOD_CGID_LDADD=''
MOD_CGI_LDADD=''
MOD_CHARSET_LITE_LDADD=''
MOD_DAV_FS_LDADD=''
MOD_DAV_LDADD=''
MOD_DAV_LOCK_LDADD=''
MOD_DBD_LDADD=''
MOD_DEFLATE_LDADD=''
MOD_DIR_LDADD=''
MOD_DISK_CACHE_LDADD=''
MOD_DUMPIO_LDADD=''
MOD_ECHO_LDADD=''
MOD_ENV_LDADD=''
MOD_EXAMPLE_LDADD=''
MOD_EXPIRES_LDADD=''
MOD_EXT_FILTER_LDADD=''
MOD_FILE_CACHE_LDADD=''
MOD_FILTER_LDADD=''
MOD_HEADERS_LDADD=''
MOD_HTTP_LDADD=''
MOD_IDENT_LDADD=''
MOD_IMAGEMAP_LDADD=''
MOD_INCLUDE_LDADD=''
MOD_INFO_LDADD=''
MOD_ISAPI_LDADD=''
MOD_LDAP_LDADD=''
MOD_LOGIO_LDADD=''
MOD_LOG_CONFIG_LDADD=''
MOD_LOG_FORENSIC_LDADD=''
MOD_MEM_CACHE_LDADD=''
MOD_MIME_LDADD=''
MOD_MIME_MAGIC_LDADD=''
MOD_NEGOTIATION_LDADD=''
MOD_OPTIONAL_FN_EXPORT_LDADD=''
MOD_OPTIONAL_FN_IMPORT_LDADD=''
MOD_OPTIONAL_HOOK_EXPORT_LDADD=''
MOD_OPTIONAL_HOOK_IMPORT_LDADD=''
MOD_PROXY_AJP_LDADD=''
MOD_PROXY_BALANCER_LDADD=''
MOD_PROXY_CONNECT_LDADD=''
MOD_PROXY_FTP_LDADD=''
MOD_PROXY_HTTP_LDADD=''
MOD_PROXY_LDADD=''
MOD_REWRITE_LDADD=''
MOD_SETENVIF_LDADD=''
MOD_SO_LDADD=''
MOD_SPELING_LDADD=''
MOD_SSL_LDADD=''
MOD_STATUS_LDADD=''
MOD_SUEXEC_LDADD=''
MOD_UNIQUE_ID_LDADD=''
MOD_USERDIR_LDADD=''
MOD_USERTRACK_LDADD=''
MOD_VERSION_LDADD=''
MOD_VHOST_ALIAS_LDADD=''
MPM_LIB='server/mpm/prefork/libprefork.la'
MPM_NAME='prefork'
MPM_SUBDIR_NAME='prefork'
NOTEST_CFLAGS=''
NOTEST_CPPFLAGS=''
NOTEST_CXXFLAGS=''
NOTEST_LDFLAGS=''
NOTEST_LIBS=''
OBJEXT='o'
OS='unix'
OS_DIR='unix'
OS_SPECIFIC_VARS=''
PACKAGE_BUGREPORT=''
PACKAGE_NAME=''
PACKAGE_STRING=''
PACKAGE_TARNAME=''
PACKAGE_VERSION=''
PATH_SEPARATOR=':'
PCRE_CONFIG='false'
PICFLAGS=''
PILDFLAGS=''
PKGCONFIG='/opt/local/bin/pkg-config'
PORT='80'
POST_SHARED_CMDS='echo ""'
PRE_SHARED_CMDS='echo ""'
RANLIB='ranlib'
RM='/bin/rm'
RSYNC='/usr/bin/rsync'
SHELL='/bin/sh'
SHLIBPATH_VAR='DYLD_LIBRARY_PATH'
SHLTCFLAGS='-prefer-pic'
SH_LDFLAGS=''
SH_LIBS=''
SH_LIBTOOL='$(LIBTOOL)'
SSL_LIBS=''
UTIL_LDFLAGS=''
ab_LTFLAGS=''
abs_srcdir='/Users/paul/Documents/Jaxer-dev/httpd-2.2.6'
ac_ct_CC='gcc'
ap_make_delimiter=' '
ap_make_include='include'
bindir='${exec_prefix}/bin'
build='i386-apple-darwin9.1.0'
build_alias=''
build_cpu='i386'
build_os='darwin9.1.0'
build_vendor='apple'
cgidir='${datadir}/cgi-bin'
checkgid_LTFLAGS=''
datadir='${prefix}'
datarootdir='${prefix}/share'
docdir='${datarootdir}/doc/${PACKAGE}'
dvidir='${docdir}'
errordir='${datadir}/error'
exec_prefix='${prefix}'
exp_bindir='/usr/local/apache2/bin'
exp_cgidir='/usr/local/apache2/cgi-bin'
exp_datadir='/usr/local/apache2'
exp_errordir='/usr/local/apache2/error'
exp_exec_prefix='/usr/local/apache2'
exp_htdocsdir='/usr/local/apache2/htdocs'
exp_iconsdir='/usr/local/apache2/icons'
exp_includedir='/usr/local/apache2/include'
exp_installbuilddir='/usr/local/apache2/build'
exp_libdir='/usr/local/apache2/lib'
exp_libexecdir='/usr/local/apache2/modules'
exp_localstatedir='/usr/local/apache2'
exp_logfiledir='/usr/local/apache2/logs'
exp_mandir='/usr/local/apache2/man'
exp_manualdir='/usr/local/apache2/manual'
exp_proxycachedir='/usr/local/apache2/proxy'
exp_runtimedir='/usr/local/apache2/logs'
exp_sbindir='/usr/local/apache2/bin'
exp_sysconfdir='/usr/local/apache2/conf'
host='i386-apple-darwin9.1.0'
host_alias=''
host_cpu='i386'
host_os='darwin9.1.0'
host_vendor='apple'
htcacheclean_LTFLAGS=''
htdbm_LTFLAGS=''
htdigest_LTFLAGS=''
htdocsdir='${datadir}/htdocs'
htmldir='${docdir}'
htpasswd_LTFLAGS=''
httxt2dbm_LTFLAGS=''
iconsdir='${datadir}/icons'
includedir='${prefix}/include'
infodir='${datarootdir}/info'
installbuilddir='${datadir}/build'
libdir='${exec_prefix}/lib'
libexecdir='${exec_prefix}/modules'
localedir='${datarootdir}/locale'
localstatedir='${prefix}'
logfiledir='${localstatedir}/logs'
logresolve_LTFLAGS=''
mandir='${prefix}/man'
manualdir='${datadir}/manual'
nonssl_listen_stmt_1=''
nonssl_listen_stmt_2=''
oldincludedir='/usr/include'
other_targets=''
pdfdir='${docdir}'
perlbin='/usr/bin/perl'
prefix='/usr/local/apache2'
progname='httpd'
program_transform_name='s,x,x,'
proxycachedir='${localstatedir}/proxy'
psdir='${docdir}'
rel_bindir='bin'
rel_cgidir='cgi-bin'
rel_datadir=''
rel_errordir='error'
rel_exec_prefix=''
rel_htdocsdir='htdocs'
rel_iconsdir='icons'
rel_includedir='include'
rel_installbuilddir='build'
rel_libdir='lib'
rel_libexecdir='modules'
rel_localstatedir=''
rel_logfiledir='logs'
rel_mandir='man'
rel_manualdir='manual'
rel_proxycachedir='proxy'
rel_runtimedir='logs'
rel_sbindir='bin'
rel_sysconfdir='conf'
rotatelogs_LTFLAGS=''
runtimedir='${localstatedir}/logs'
sbindir='${exec_prefix}/bin'
shared_build=''
sharedstatedir='${prefix}/com'
sysconfdir='${prefix}/conf'
target='i386-apple-darwin9.1.0'
target_alias=''
target_cpu='i386'
target_os='darwin9.1.0'
target_vendor='apple'

## ----------- ##
## confdefs.h. ##
## ----------- ##

#define PACKAGE_NAME ""
#define PACKAGE_TARNAME ""
#define PACKAGE_VERSION ""
#define PACKAGE_STRING ""
#define PACKAGE_BUGREPORT ""
#define STDC_HEADERS 1
#define HAVE_SYS_TYPES_H 1
#define HAVE_SYS_STAT_H 1
#define HAVE_STDLIB_H 1
#define HAVE_STRING_H 1
#define HAVE_MEMORY_H 1
#define HAVE_STRINGS_H 1
#define HAVE_INTTYPES_H 1
#define HAVE_STDINT_H 1
#define HAVE_UNISTD_H 1
#define STDC_HEADERS 1
#define HAVE_STRING_H 1
#define HAVE_LIMITS_H 1
#define HAVE_UNISTD_H 1
#define HAVE_SYS_SOCKET_H 1
#define HAVE_PWD_H 1
#define HAVE_GRP_H 1
#define HAVE_STRINGS_H 1
#define HAVE_SYS_SEM_H 1
#define HAVE_SYS_WAIT_H 1
#define HAVE_GETPWNAM 1
#define HAVE_GETGRNAM 1
#define HAVE_INITGROUPS 1
#define HAVE_TIMEGM 1
#define HAVE_GETPGID 1
#define HAVE_GMTOFF 1
#define AP_ENABLE_V4_MAPPED 1
#define HAVE_SYS_TIME_H 1
#define HAVE_SYS_RESOURCE_H 1
#define HAVE_SYS_SEM_H 1
#define HAVE_SYS_IPC_H 1
#define HAVE_SETSID 1
#define HAVE_KILLPG 1
#define HAVE_UNISTD_H 1
#define HAVE_SYSLOG 1
#define HAVE_SYS_TIMES_H 1
#define HAVE_TIMES 1
#define AP_USING_AUTOCONF 1
#define SINGLE_LISTEN_UNSERIALIZED_ACCEPT 1
#define AP_NONBLOCK_WHEN_MULTI_LISTEN 1
#define HTTPD_ROOT "/usr/local/apache2"
#define SERVER_CONFIG_FILE "conf/httpd.conf"
#define AP_TYPES_CONFIG_FILE "conf/mime.types"
#define APACHE_MPM_DIR "server/mpm/prefork"

configure: exit 0
